<?xml version="1.0" encoding="UTF-8"?>
<!-- Generated by org.testng.reporters.JUnitReportReporter -->
<testsuite hostname="DESKTOP-40MS3DL" failures="0" tests="1" name="TestCasePackage.Post_TestClass4" time="2.394" errors="0" timestamp="2023-06-08T20:48:46 IST" skipped="0">
  <testcase classname="TestCasePackage.Post_TestClass4" name="execute" time="2.394"/>
  <system-out/>
</testsuite> <!-- TestCasePackage.Post_TestClass4 -->
