<?xml version="1.0" encoding="UTF-8"?>
<!-- Generated by org.testng.reporters.JUnitReportReporter -->
<testsuite hostname="DESKTOP-40MS3DL" failures="0" tests="1" name="TestCasePackage.Post_TestClass1" time="8.564" errors="0" timestamp="2023-06-08T20:48:46 IST" skipped="0">
  <testcase classname="TestCasePackage.Post_TestClass1" name="execute" time="8.564"/>
  <system-out/>
</testsuite> <!-- TestCasePackage.Post_TestClass1 -->
