<?xml version="1.0" encoding="UTF-8"?>
<!-- Generated by org.testng.reporters.JUnitReportReporter -->
<testsuite hostname="DESKTOP-40MS3DL" failures="0" tests="1" name="TestCasePackage.Post_TestClass3" time="1.560" errors="0" timestamp="2023-06-08T20:48:46 IST" skipped="0">
  <testcase classname="TestCasePackage.Post_TestClass3" name="execute" time="1.560"/>
  <system-out/>
</testsuite> <!-- TestCasePackage.Post_TestClass3 -->
