<?xml version="1.0" encoding="UTF-8"?>
<!-- Generated by org.testng.reporters.JUnitReportReporter -->
<testsuite hostname="DESKTOP-40MS3DL" failures="0" tests="1" name="TestClassPackage.Post_TC_1" time="5.986" errors="0" timestamp="2023-05-23T16:49:54 IST" skipped="0">
  <testcase classname="TestClassPackage.Post_TC_1" name="execute" time="5.986"/>
  <system-out/>
</testsuite> <!-- TestClassPackage.Post_TC_1 -->
